2025-06-17 15:56:06,180 - INFO - PostgreSQL found: psql (PostgreSQL) 17.5
2025-06-17 15:56:06,377 - ERROR - Database connection failed: connection to server at "localhost" (::1), port 5432 failed: fe_sendauth: no password supplied

2025-06-17 15:56:46,119 - INFO - PostgreSQL found: psql (PostgreSQL) 17.5
2025-06-17 15:56:46,228 - ERROR - Database connection failed: connection to server at "localhost" (::1), port 5432 failed: FATAL:  password authentication failed for user "postgres"
connection to server at "localhost" (::1), port 5432 failed: FATAL:  password authentication failed for user "postgres"

2025-06-17 15:57:05,738 - INFO - PostgreSQL found: psql (PostgreSQL) 17.5
2025-06-17 15:57:05,848 - ERROR - Database connection failed: connection to server at "localhost" (::1), port 5432 failed: FATAL:  password authentication failed for user "postgres"
connection to server at "localhost" (::1), port 5432 failed: FATAL:  password authentication failed for user "postgres"

2025-06-17 15:59:15,944 - INFO - PostgreSQL found: psql (PostgreSQL) 17.5
2025-06-17 15:59:16,045 - ERROR - Password authentication failed. Please check your credentials.
2025-06-17 16:00:22,268 - INFO - PostgreSQL found: psql (PostgreSQL) 17.5
2025-06-17 16:00:22,366 - ERROR - Password authentication failed. Please check your credentials.
2025-06-17 17:06:27,662 - INFO - PostgreSQL found: psql (PostgreSQL) 17.5
2025-06-17 17:06:27,774 - ERROR - Password authentication failed. Please check your credentials.
2025-06-17 17:06:33,005 - INFO - PostgreSQL found: psql (PostgreSQL) 17.5
2025-06-17 17:06:33,106 - ERROR - Password authentication failed. Please check your credentials.
2025-06-17 17:07:11,620 - INFO - PostgreSQL found: psql (PostgreSQL) 17.5
2025-06-17 17:07:13,574 - INFO - Successfully connected to one_vault database
2025-06-17 17:08:03,904 - INFO - PostgreSQL found: psql (PostgreSQL) 17.5
2025-06-17 17:08:04,124 - ERROR - Password authentication failed. Please check your credentials.
2025-06-17 17:10:26,447 - INFO - PostgreSQL found: psql (PostgreSQL) 17.5
2025-06-17 17:10:29,596 - INFO - Successfully connected to one_vault database
2025-06-17 17:10:39,501 - INFO - PostgreSQL found: psql (PostgreSQL) 17.5
2025-06-17 17:10:43,006 - INFO - Successfully connected to one_vault_dev database
2025-06-17 17:10:43,008 - INFO - Creating full backup using database function for one_vault_dev
2025-06-17 17:10:43,008 - ERROR - Backup execution failed: 'verify_backups'
2025-06-17 17:11:10,412 - INFO - PostgreSQL found: psql (PostgreSQL) 17.5
2025-06-17 17:11:13,234 - INFO - Successfully connected to one_vault_dev database
2025-06-17 17:11:13,234 - INFO - Creating full backup using database function for one_vault_dev
2025-06-17 17:11:15,198 - ERROR - Backup execution failed: duplicate key value violates unique constraint "backup_execution_s_pkey"
DETAIL:  Key (backup_hk, load_date)=(\xfc33d63fbfc2bc305136aa781de79f3a1865c17d54f62e175cb97aedcf545763, 2025-06-17 17:11:13.237299-07) already exists.
CONTEXT:  SQL statement "INSERT INTO backup_mgmt.backup_execution_s VALUES (
        v_backup_hk, util.current_load_date(), NULL,
        util.hash_binary(v_backup_bk || v_backup_status),
        'FULL', v_backup_scope, 'PG_BASEBACKUP',
        v_start_time, v_end_time, v_duration, v_backup_status,
        v_backup_size, v_compressed_size, v_compression_ratio,
        p_backup_location, v_backup_filename, p_storage_type,
        '7 years'::INTERVAL, 'STANDARD_7_YEAR', 
        (CURRENT_DATE + '7 years'::INTERVAL),
        v_verification_status, CURRENT_TIMESTAMP, 'SHA256', v_checksum, 
        (v_verification_status = 'VERIFIED'),
        false, NULL, NULL,
        v_error_msg, NULL, 0, 3,
        SESSION_USER, 5, NULL, 
        jsonb_build_object(
            'compression_enabled', p_compression_enabled,
            'verification_requested', p_verify_backup,
            'execution_method', 'automated'
        ),
        util.get_record_source()
    )"
PL/pgSQL function backup_mgmt.create_full_backup(bytea,text,character varying,boolean,boolean) line 95 at SQL statement

2025-06-17 17:32:05,653 - INFO - PostgreSQL found: psql (PostgreSQL) 17.5
2025-06-17 17:32:08,706 - INFO - Successfully connected to one_vault_dev database
2025-06-17 17:32:08,706 - INFO - Creating full backup using database function for one_vault_dev
2025-06-17 17:32:10,697 - INFO - Backup completed successfully
2025-06-17 17:32:10,697 - INFO - Backup ID: 6430574a44a81aeeaf76220282fd06c61c5cf38045e1ce7fe1ffb9aedf8d8f0f
2025-06-17 17:32:10,698 - INFO - Size: 31.67 MB
2025-06-17 17:42:26,492 - INFO - PostgreSQL found: psql (PostgreSQL) 17.5
2025-06-17 17:42:26,598 - INFO - Successfully connected to one_vault_testing database
2025-06-17 17:42:26,598 - INFO - Creating full backup using database function for one_vault_testing
2025-06-17 17:42:29,628 - INFO - Backup completed successfully
2025-06-17 17:42:29,628 - INFO - Backup ID: 330973860faa8f858b1bd95e28042fcbf68780b6fb5a11494f91753ebbbfccb6
2025-06-17 17:42:29,628 - INFO - Size: 31.67 MB
